<?xml version="1.0" encoding="UTF-8"?>
<testng-results ignored="0" total="1" passed="1" failed="0" skipped="0">
  <reporter-output>
  </reporter-output>
  <suite started-at="2021-11-09T23:44:17 IST" name="Suite" finished-at="2021-11-09T23:44:25 IST" duration-ms="7992">
    <groups>
    </groups>
    <test started-at="2021-11-09T23:44:17 IST" name="Test" finished-at="2021-11-09T23:44:25 IST" duration-ms="7992">
      <class name="com.inernetBanking.testCases.TC_LoginTest_001">
        <test-method is-config="true" signature="setUp(java.lang.String)[pri:0, instance:com.inernetBanking.testCases.TC_LoginTest_001@74e28667]" started-at="2021-11-09T23:44:17 IST" name="setUp" finished-at="2021-11-09T23:44:23 IST" duration-ms="5969" status="PASS">
          <params>
            <param index="0">
              <value>
                <![CDATA[chrome]]>
              </value>
            </param>
          </params>
          <reporter-output>
          </reporter-output>
        </test-method> <!-- setUp -->
        <test-method signature="loginTest()[pri:0, instance:com.inernetBanking.testCases.TC_LoginTest_001@74e28667]" started-at="2021-11-09T23:44:23 IST" name="loginTest" finished-at="2021-11-09T23:44:25 IST" duration-ms="1778" status="PASS">
          <reporter-output>
          </reporter-output>
        </test-method> <!-- loginTest -->
        <test-method is-config="true" signature="tearDown()[pri:0, instance:com.inernetBanking.testCases.TC_LoginTest_001@74e28667]" started-at="2021-11-09T23:44:25 IST" name="tearDown" finished-at="2021-11-09T23:44:25 IST" duration-ms="199" status="PASS">
          <reporter-output>
          </reporter-output>
        </test-method> <!-- tearDown -->
      </class> <!-- com.inernetBanking.testCases.TC_LoginTest_001 -->
    </test> <!-- Test -->
  </suite> <!-- Suite -->
</testng-results>
